0 info it worked if it ends with ok
1 verbose cli [ 'C:\\Program Files\\nodejs\\node.exe',
1 verbose cli   'C:\\Program Files\\nodejs\\node_modules\\npm\\bin\\npm-cli.js',
1 verbose cli   'run',
1 verbose cli   'dev' ]
2 info using npm@3.10.8
3 info using node@v6.9.1
4 verbose run-script [ 'predev', 'dev', 'postdev' ]
5 info lifecycle frontend-starter@1.0.0~predev: frontend-starter@1.0.0
6 silly lifecycle frontend-starter@1.0.0~predev: no script for predev, continuing
7 info lifecycle frontend-starter@1.0.0~dev: frontend-starter@1.0.0
8 verbose lifecycle frontend-starter@1.0.0~dev: unsafe-perm in lifecycle true
9 verbose lifecycle frontend-starter@1.0.0~dev: PATH: C:\Program Files\nodejs\node_modules\npm\bin\node-gyp-bin;C:\Users\PROFESIONAL\Desktop\proyectos\mi-web-actualizada-2017\node_modules\.bin;C:\Users\PROFESIONAL\AppData\Local\GitHub\PortableGit_f02737a78695063deace08e96d5042710d3e32db\cmd;C:\Users\PROFESIONAL\AppData\Local\GitHub\PortableGit_f02737a78695063deace08e96d5042710d3e32db\usr\bin;C:\Users\PROFESIONAL\AppData\Local\GitHub\PortableGit_f02737a78695063deace08e96d5042710d3e32db\usr\share\git-tfs;C:\Users\PROFESIONAL\AppData\Local\Apps\2.0\5QEE1P3W.1LE\X9Z558JC.3TE\gith..tion_317444273a93ac29_0003.0003_5794af8169eeff14;C:\Users\PROFESIONAL\AppData\Local\GitHub\lfs-amd64_1.5.5;C:\Windows\system32;C:\Windows;C:\Windows\System32\Wbem;C:\Windows\System32\WindowsPowerShell\v1.0\;C:\Program Files (x86)\ATI Technologies\ATI.ACE\Core-Static;C:\Program Files (x86)\Brackets\command;C:\Program Files\Git\cmd;C:\Program Files\nodejs\;C:\Users\PROFESIONAL\AppData\Roaming\npm;C:\Windows\Microsoft.NET\Framework\v4.0.30319\
10 verbose lifecycle frontend-starter@1.0.0~dev: CWD: C:\Users\PROFESIONAL\Desktop\proyectos\mi-web-actualizada-2017
11 silly lifecycle frontend-starter@1.0.0~dev: Args: [ '/d /s /c', 'gulp && gulp watch' ]
12 silly lifecycle frontend-starter@1.0.0~dev: Returned: code: 1  signal: null
13 info lifecycle frontend-starter@1.0.0~dev: Failed to exec dev script
14 verbose stack Error: frontend-starter@1.0.0 dev: `gulp && gulp watch`
14 verbose stack Exit status 1
14 verbose stack     at EventEmitter.<anonymous> (C:\Program Files\nodejs\node_modules\npm\lib\utils\lifecycle.js:255:16)
14 verbose stack     at emitTwo (events.js:106:13)
14 verbose stack     at EventEmitter.emit (events.js:191:7)
14 verbose stack     at ChildProcess.<anonymous> (C:\Program Files\nodejs\node_modules\npm\lib\utils\spawn.js:40:14)
14 verbose stack     at emitTwo (events.js:106:13)
14 verbose stack     at ChildProcess.emit (events.js:191:7)
14 verbose stack     at maybeClose (internal/child_process.js:877:16)
14 verbose stack     at Process.ChildProcess._handle.onexit (internal/child_process.js:226:5)
15 verbose pkgid frontend-starter@1.0.0
16 verbose cwd C:\Users\PROFESIONAL\Desktop\proyectos\mi-web-actualizada-2017
17 error Windows_NT 6.3.9600
18 error argv "C:\\Program Files\\nodejs\\node.exe" "C:\\Program Files\\nodejs\\node_modules\\npm\\bin\\npm-cli.js" "run" "dev"
19 error node v6.9.1
20 error npm  v3.10.8
21 error code ELIFECYCLE
22 error frontend-starter@1.0.0 dev: `gulp && gulp watch`
22 error Exit status 1
23 error Failed at the frontend-starter@1.0.0 dev script 'gulp && gulp watch'.
23 error Make sure you have the latest version of node.js and npm installed.
23 error If you do, this is most likely a problem with the frontend-starter package,
23 error not with npm itself.
23 error Tell the author that this fails on your system:
23 error     gulp && gulp watch
23 error You can get information on how to open an issue for this project with:
23 error     npm bugs frontend-starter
23 error Or if that isn't available, you can get their info via:
23 error     npm owner ls frontend-starter
23 error There is likely additional logging output above.
24 verbose exit [ 1, true ]
